<?xml version="1.0" encoding="UTF-8"?>
<testng-results skipped="0" failed="0" ignored="0" total="1" passed="1">
  <reporter-output>
  </reporter-output>
  <suite name="Default suite" duration-ms="6326" started-at="2022-02-06T05:18:03Z" finished-at="2022-02-06T05:18:09Z">
    <groups>
    </groups>
    <test name="Default test" duration-ms="6326" started-at="2022-02-06T05:18:03Z" finished-at="2022-02-06T05:18:09Z">
      <class name="test.Test">
        <test-method status="PASS" signature="verifyThePage()[pri:0, instance:test.Test@2cf3d63b]" name="verifyThePage" duration-ms="6295" started-at="2022-02-06T05:18:03Z" finished-at="2022-02-06T05:18:09Z">
          <reporter-output>
          </reporter-output>
        </test-method> <!-- verifyThePage -->
      </class> <!-- test.Test -->
    </test> <!-- Default test -->
  </suite> <!-- Default suite -->
</testng-results>
